[I 2025-12-02 17:04:15.518 ServerApp] jupyter_lsp | extension was successfully linked.
[I 2025-12-02 17:04:15.520 ServerApp] jupyter_server_terminals | extension was successfully linked.
[I 2025-12-02 17:04:15.522 ServerApp] jupyterlab | extension was successfully linked.
[I 2025-12-02 17:04:15.522 ServerApp] jupyterlab_nvdashboard | extension was successfully linked.
[I 2025-12-02 17:04:15.522 ServerApp] jupyterlab_nvidia_nsight | extension was successfully linked.
[I 2025-12-02 17:04:15.639 ServerApp] notebook_shim | extension was successfully linked.
[I 2025-12-02 17:04:15.646 ServerApp] notebook_shim | extension was successfully loaded.
[I 2025-12-02 17:04:15.646 ServerApp] jupyter_lsp | extension was successfully loaded.
[I 2025-12-02 17:04:15.647 ServerApp] jupyter_server_terminals | extension was successfully loaded.
[I 2025-12-02 17:04:15.648 LabApp] JupyterLab extension loaded from /home/ryan/ml4g/term_project/.venv/lib/python3.12/site-packages/jupyterlab
[I 2025-12-02 17:04:15.648 LabApp] JupyterLab application directory is /home/ryan/ml4g/term_project/.venv/share/jupyter/lab
[I 2025-12-02 17:04:15.648 LabApp] Extension Manager is 'pypi'.
[I 2025-12-02 17:04:15.670 ServerApp] jupyterlab | extension was successfully loaded.
[I 2025-12-02 17:04:15.670 ServerApp] Registered jupyterlab_nvdashboard server extension
[I 2025-12-02 17:04:15.670 ServerApp] jupyterlab_nvdashboard | extension was successfully loaded.
[I 2025-12-02 17:04:15.670 ServerApp] Registered jupyterlab_nvidia_nsight server extension
[I 2025-12-02 17:04:15.670 ServerApp] jupyterlab_nvidia_nsight | extension was successfully loaded.
[I 2025-12-02 17:04:15.670 ServerApp] Serving notebooks from local directory: /home/ryan/ml4g/term_project
[I 2025-12-02 17:04:15.670 ServerApp] Jupyter Server 2.17.0 is running at:
[I 2025-12-02 17:04:15.670 ServerApp] http://localhost:11003/lab?token=d8201bca8cd64095867c3fcf4ca28aa58cad26601cbe3795
[I 2025-12-02 17:04:15.670 ServerApp]     http://127.0.0.1:11003/lab?token=d8201bca8cd64095867c3fcf4ca28aa58cad26601cbe3795
[I 2025-12-02 17:04:15.670 ServerApp] Use Control-C to stop this server and shut down all kernels (twice to skip confirmation).
[C 2025-12-02 17:04:15.671 ServerApp] 
    
    To access the server, open this file in a browser:
        file:///home/ryan/.local/share/jupyter/runtime/jpserver-19715-open.html
    Or copy and paste one of these URLs:
        http://localhost:11003/lab?token=d8201bca8cd64095867c3fcf4ca28aa58cad26601cbe3795
        http://127.0.0.1:11003/lab?token=d8201bca8cd64095867c3fcf4ca28aa58cad26601cbe3795
[I 2025-12-02 17:04:15.677 ServerApp] Skipped non-installed server(s): basedpyright, bash-language-server, dockerfile-language-server-nodejs, javascript-typescript-langserver, jedi-language-server, julia-language-server, pyrefly, pyright, python-language-server, python-lsp-server, r-languageserver, sql-language-server, texlab, typescript-language-server, unified-language-server, vscode-css-languageserver-bin, vscode-html-languageserver-bin, vscode-json-languageserver-bin, yaml-language-server
[I 2025-12-02 17:05:19.883 ServerApp] 302 GET /?token=[secret] (@127.0.0.1) 0.19ms
[W 2025-12-02 17:05:20.885 LabApp] Could not determine jupyterlab build status without nodejs
[W 2025-12-02 17:05:21.079 ServerApp] 404 GET /api/contents/Untitled.ipynb?content=0&hash=0&1764713121075 (2a078d35b094424c9023640fdce8f777@127.0.0.1) 0.78ms referer=http://localhost:11003/lab
[W 2025-12-02 17:05:21.079 ServerApp] 404 GET /api/contents/Untitled.ipynb?content=0&hash=0&1764713121075 (127.0.0.1): No such file or directory: Untitled.ipynb
[W 2025-12-02 17:05:21.080 ServerApp] 404 GET /api/contents/Untitled.ipynb?content=0&hash=0&1764713121076 (2a078d35b094424c9023640fdce8f777@127.0.0.1) 1.18ms referer=http://localhost:11003/lab
[W 2025-12-02 17:05:21.080 ServerApp] 404 GET /api/contents/Untitled.ipynb?content=0&hash=0&1764713121076 (127.0.0.1): No such file or directory: Untitled.ipynb
[I 2025-12-02 17:05:25.164 ServerApp] Creating new directory in 
[I 2025-12-02 17:05:37.149 ServerApp] Creating new directory in 
[W 2025-12-02 17:06:48.544 ServerApp] Notebook prb_graphsage_gnn.ipynb is not trusted
[I 2025-12-02 17:06:48.797 ServerApp] Kernel started: c1833a86-202b-4331-a4f6-63925f185d8e
[I 2025-12-02 17:06:48.998 ServerApp] Connecting to kernel c1833a86-202b-4331-a4f6-63925f185d8e.
[W 2025-12-02 17:06:48.998 ServerApp] The websocket_ping_timeout (90000) cannot be longer than the websocket_ping_interval (30000).
    Setting websocket_ping_timeout=30000
[I 2025-12-02 17:06:49.001 ServerApp] Connecting to kernel c1833a86-202b-4331-a4f6-63925f185d8e.
[I 2025-12-02 17:06:49.004 ServerApp] Connecting to kernel c1833a86-202b-4331-a4f6-63925f185d8e.
[I 2025-12-02 17:08:48.769 ServerApp] Saving file at /prb_graphsage_gnn.ipynb
[I 2025-12-02 17:16:50.963 ServerApp] Saving file at /prb_graphsage_gnn.ipynb
[I 2025-12-02 17:18:51.007 ServerApp] Saving file at /prb_graphsage_gnn.ipynb
[I 2025-12-02 17:18:55.755 ServerApp] Saving file at /prb_graphsage_gnn.ipynb
[I 2025-12-02 17:20:56.153 ServerApp] Saving file at /prb_graphsage_gnn.ipynb
[W 2025-12-02 17:23:43.657 ServerApp] 404 GET /api/contents/.venv/lib/python3.12/site-packages/torch/cuda/__init__.py?content=0&hash=0&1764714223655 (2a078d35b094424c9023640fdce8f777@127.0.0.1) 0.75ms referer=http://localhost:11003/lab/tree/prb_graphsage_gnn.ipynb
[I 2025-12-02 17:23:43.658 ServerApp] Refusing to serve hidden file or directory '/home/ryan/ml4g/term_project/.venv/lib/python3.12/site-packages/torch/cuda/__init__.py', via 404 Error
[E 2025-12-02 17:23:43.658 ServerApp] Uncaught exception GET /api/contents/.venv/lib/python3.12/site-packages/torch/cuda/__init__.py?content=0&hash=0&1764714223655 (127.0.0.1)
    HTTPServerRequest(protocol='http', host='localhost:11003', method='GET', uri='/api/contents/.venv/lib/python3.12/site-packages/torch/cuda/__init__.py?content=0&hash=0&1764714223655', version='HTTP/1.1', remote_ip='127.0.0.1')
    Traceback (most recent call last):
      File "/home/ryan/ml4g/term_project/.venv/lib/python3.12/site-packages/jupyter_server/services/contents/handlers.py", line 156, in get
        model = await ensure_async(
                ^^^^^^^^^^^^^^^^^^^
      File "/home/ryan/ml4g/term_project/.venv/lib/python3.12/site-packages/jupyter_core/utils/__init__.py", line 214, in ensure_async
        result = await obj
                 ^^^^^^^^^
      File "/home/ryan/ml4g/term_project/.venv/lib/python3.12/site-packages/jupyter_server/services/contents/filemanager.py", line 928, in get
        model = await self._file_model(
                ^^^^^^^^^^^^^^^^^^^^^^^
      File "/home/ryan/ml4g/term_project/.venv/lib/python3.12/site-packages/jupyter_server/services/contents/filemanager.py", line 829, in _file_model
        model = self._base_model(path)
                ^^^^^^^^^^^^^^^^^^^^^^
      File "/home/ryan/ml4g/term_project/.venv/lib/python3.12/site-packages/jupyter_server/services/contents/filemanager.py", line 237, in _base_model
        raise web.HTTPError(404, four_o_four)
    tornado.web.HTTPError: HTTP 404: Not Found (file or directory does not exist: '.venv/lib/python3.12/site-packages/torch/cuda/__init__.py')
    
    During handling of the above exception, another exception occurred:
    
    Traceback (most recent call last):
      File "/home/ryan/ml4g/term_project/.venv/lib/python3.12/site-packages/tornado/web.py", line 1848, in _execute
        result = await result
                 ^^^^^^^^^^^^
      File "/home/ryan/ml4g/term_project/.venv/lib/python3.12/site-packages/jupyter_server/auth/decorator.py", line 73, in inner
        return await out
               ^^^^^^^^^
      File "/home/ryan/ml4g/term_project/.venv/lib/python3.12/site-packages/jupyter_server/services/contents/handlers.py", line 182, in get
        await self._finish_error(
      File "/home/ryan/ml4g/term_project/.venv/lib/python3.12/site-packages/jupyter_server/services/contents/handlers.py", line 114, in _finish_error
        self.write(message)
      File "/home/ryan/ml4g/term_project/.venv/lib/python3.12/site-packages/tornado/web.py", line 964, in write
        raise RuntimeError("Cannot write() after finish()")
    RuntimeError: Cannot write() after finish()
[I 2025-12-02 17:24:57.757 ServerApp] Saving file at /prb_graphsage_gnn.ipynb
[I 2025-12-02 17:28:58.023 ServerApp] Saving file at /prb_graphsage_gnn.ipynb
[I 2025-12-02 17:30:58.170 ServerApp] Saving file at /prb_graphsage_gnn.ipynb
[I 2025-12-02 17:32:58.702 ServerApp] Saving file at /prb_graphsage_gnn.ipynb
[I 2025-12-02 17:34:58.740 ServerApp] Saving file at /prb_graphsage_gnn.ipynb
[I 2025-12-02 17:36:58.802 ServerApp] Saving file at /prb_graphsage_gnn.ipynb
[I 2025-12-02 17:38:59.096 ServerApp] Saving file at /prb_graphsage_gnn.ipynb
[I 2025-12-02 17:40:59.887 ServerApp] Saving file at /prb_graphsage_gnn.ipynb
[I 2025-12-02 17:44:59.996 ServerApp] Saving file at /prb_graphsage_gnn.ipynb
[I 2025-12-02 17:49:00.116 ServerApp] Saving file at /prb_graphsage_gnn.ipynb
[I 2025-12-02 17:53:00.202 ServerApp] Saving file at /prb_graphsage_gnn.ipynb
[I 2025-12-02 17:54:36.873 ServerApp] Saving file at /prb_graphsage_gnn.ipynb
[I 2025-12-02 17:54:41.437 ServerApp] Starting buffering for c1833a86-202b-4331-a4f6-63925f185d8e:be21c30e-8c67-4855-b991-4ba9a456984b
[I 2025-12-02 17:54:42.542 ServerApp] Connecting to kernel c1833a86-202b-4331-a4f6-63925f185d8e.
[I 2025-12-02 17:56:42.742 ServerApp] Saving file at /prb_graphsage_gnn.ipynb
[I 2025-12-02 17:58:42.786 ServerApp] Saving file at /prb_graphsage_gnn.ipynb
[I 2025-12-02 18:02:42.985 ServerApp] Saving file at /prb_graphsage_gnn.ipynb
[I 2025-12-02 18:04:43.019 ServerApp] Saving file at /prb_graphsage_gnn.ipynb
[I 2025-12-02 18:06:43.061 ServerApp] Saving file at /prb_graphsage_gnn.ipynb
[I 2025-12-02 18:08:43.667 ServerApp] Saving file at /prb_graphsage_gnn.ipynb
[I 2025-12-02 18:14:44.084 ServerApp] Saving file at /prb_graphsage_gnn.ipynb
[I 2025-12-02 18:16:44.131 ServerApp] Saving file at /prb_graphsage_gnn.ipynb
[I 2025-12-02 18:18:44.175 ServerApp] Saving file at /prb_graphsage_gnn.ipynb
[I 2025-12-02 18:20:44.219 ServerApp] Saving file at /prb_graphsage_gnn.ipynb
[I 2025-12-02 18:23:43.141 ServerApp] Saving file at /prb_graphsage_gnn.ipynb
[I 2025-12-02 18:26:44.569 ServerApp] Saving file at /prb_graphsage_gnn.ipynb
[I 2025-12-02 18:28:44.708 ServerApp] Saving file at /prb_graphsage_gnn.ipynb
[I 2025-12-02 18:30:44.748 ServerApp] Saving file at /prb_graphsage_gnn.ipynb
